[2018-01-18 16:30:04,439] DEBUG preRegister called. Server=com.sun.jmx.mbeanserver.JmxMBeanServer@66d3c617, name=log4j:logger=kafka.controller (kafka.controller)
[2018-01-18 16:30:26,972] INFO [controller-event-thread]: Starting (kafka.controller.ControllerEventManager$ControllerEventThread)
[2018-01-18 16:30:26,990] INFO [Controller id=0] 0 successfully elected as the controller (kafka.controller.KafkaController)
[2018-01-18 16:30:26,991] INFO [Controller id=0] Starting become controller state transition (kafka.controller.KafkaController)
[2018-01-18 16:30:26,998] INFO [Controller id=0] Incremented epoch to 1 (kafka.controller.KafkaController)
[2018-01-18 16:30:27,002] DEBUG [Controller id=0] Registering IsrChangeNotificationListener (kafka.controller.KafkaController)
[2018-01-18 16:30:27,011] DEBUG [Controller id=0] Registering logDirEventNotificationListener (kafka.controller.KafkaController)
[2018-01-18 16:30:27,041] INFO [Controller id=0] Partitions being reassigned: Map() (kafka.controller.KafkaController)
[2018-01-18 16:30:27,042] INFO [Controller id=0] Partitions already reassigned: Set() (kafka.controller.KafkaController)
[2018-01-18 16:30:27,045] INFO [Controller id=0] Resuming reassignment of partitions: Map() (kafka.controller.KafkaController)
[2018-01-18 16:30:27,047] INFO [Controller id=0] Currently active brokers in the cluster: Set() (kafka.controller.KafkaController)
[2018-01-18 16:30:27,048] INFO [Controller id=0] Currently shutting brokers in the cluster: Set() (kafka.controller.KafkaController)
[2018-01-18 16:30:27,049] INFO [Controller id=0] Current list of topics in the cluster: Set() (kafka.controller.KafkaController)
[2018-01-18 16:30:27,054] INFO [Controller id=0] List of topics to be deleted:  (kafka.controller.KafkaController)
[2018-01-18 16:30:27,055] INFO [Controller id=0] List of topics ineligible for deletion:  (kafka.controller.KafkaController)
[2018-01-18 16:30:27,082] INFO [ReplicaStateMachine controllerId=0] Started replica state machine with initial state -> Map() (kafka.controller.ReplicaStateMachine)
[2018-01-18 16:30:27,086] INFO [PartitionStateMachine controllerId=0] Started partition state machine with initial state -> Map() (kafka.controller.PartitionStateMachine)
[2018-01-18 16:30:27,087] INFO [Controller id=0] Ready to serve as the new controller with epoch 1 (kafka.controller.KafkaController)
[2018-01-18 16:30:27,092] INFO [Controller id=0] Partitions undergoing preferred replica election:  (kafka.controller.KafkaController)
[2018-01-18 16:30:27,093] INFO [Controller id=0] Partitions that completed preferred replica election:  (kafka.controller.KafkaController)
[2018-01-18 16:30:27,093] INFO [Controller id=0] Skipping preferred replica election for partitions due to topic deletion:  (kafka.controller.KafkaController)
[2018-01-18 16:30:27,094] INFO [Controller id=0] Resuming preferred replica election for partitions:  (kafka.controller.KafkaController)
[2018-01-18 16:30:27,094] INFO [Controller id=0] Starting preferred replica leader election for partitions  (kafka.controller.KafkaController)
[2018-01-18 16:30:27,097] INFO [PartitionStateMachine controllerId=0] Invoking state change to OnlinePartition for partitions  (kafka.controller.PartitionStateMachine)
[2018-01-18 16:30:27,102] INFO [Controller id=0] Starting the controller scheduler (kafka.controller.KafkaController)
[2018-01-18 16:30:27,151] INFO [Controller id=0] Newly added brokers: 0, deleted brokers: , all live brokers: 0 (kafka.controller.KafkaController)
[2018-01-18 16:30:27,152] DEBUG [Channel manager on controller 0]: Controller 0 trying to connect to broker 0 (kafka.controller.ControllerChannelManager)
[2018-01-18 16:30:27,176] INFO [Controller-0-to-broker-0-send-thread]: Starting (kafka.controller.RequestSendThread)
[2018-01-18 16:30:27,178] INFO [Controller id=0] New broker startup callback for 0 (kafka.controller.KafkaController)
[2018-01-18 16:30:27,199] INFO [Controller-0-to-broker-0-send-thread]: Controller 0 connected to 192.168.12.183:9092 (id: 0 rack: null) for sending state change requests (kafka.controller.RequestSendThread)
[2018-01-18 16:30:32,107] TRACE [Controller id=0] Checking need to trigger auto leader balancing (kafka.controller.KafkaController)
[2018-01-18 16:30:32,110] DEBUG [Controller id=0] Preferred replicas by broker Map() (kafka.controller.KafkaController)
[2018-01-18 16:31:17,654] DEBUG preRegister called. Server=com.sun.jmx.mbeanserver.JmxMBeanServer@66d3c617, name=log4j:logger=kafka.controller (kafka.controller)
[2018-01-18 16:31:17,852] INFO [Controller id=0] Shutting down broker 0 (kafka.controller.KafkaController)
[2018-01-18 16:31:17,853] DEBUG [Controller id=0] All shutting down brokers: 0 (kafka.controller.KafkaController)
[2018-01-18 16:31:17,853] DEBUG [Controller id=0] Live brokers:  (kafka.controller.KafkaController)
[2018-01-18 16:31:17,855] TRACE [Controller id=0] All leaders =  (kafka.controller.KafkaController)
[2018-01-18 16:31:21,458] INFO [controller-event-thread]: Shutting down (kafka.controller.ControllerEventManager$ControllerEventThread)
[2018-01-18 16:31:21,458] INFO [controller-event-thread]: Stopped (kafka.controller.ControllerEventManager$ControllerEventThread)
[2018-01-18 16:31:21,458] INFO [controller-event-thread]: Shutdown completed (kafka.controller.ControllerEventManager$ControllerEventThread)
[2018-01-18 16:31:21,459] DEBUG [Controller id=0] Resigning (kafka.controller.KafkaController)
[2018-01-18 16:31:21,459] DEBUG [Controller id=0] De-registering IsrChangeNotificationListener (kafka.controller.KafkaController)
[2018-01-18 16:31:21,461] DEBUG [Controller id=0] De-registering logDirEventNotificationListener (kafka.controller.KafkaController)
[2018-01-18 16:31:21,462] INFO [PartitionStateMachine controllerId=0] Stopped partition state machine (kafka.controller.PartitionStateMachine)
[2018-01-18 16:31:21,463] INFO [ReplicaStateMachine controllerId=0] Stopped replica state machine (kafka.controller.ReplicaStateMachine)
[2018-01-18 16:31:21,463] INFO [Controller-0-to-broker-0-send-thread]: Shutting down (kafka.controller.RequestSendThread)
[2018-01-18 16:31:21,463] INFO [Controller-0-to-broker-0-send-thread]: Stopped (kafka.controller.RequestSendThread)
[2018-01-18 16:31:21,463] INFO [Controller-0-to-broker-0-send-thread]: Shutdown completed (kafka.controller.RequestSendThread)
[2018-01-18 16:31:21,465] INFO [Controller id=0] Resigned (kafka.controller.KafkaController)
