[2018-01-18 16:30:04,417] INFO Reading configuration from: config/zookeeper.properties (org.apache.zookeeper.server.quorum.QuorumPeerConfig)
[2018-01-18 16:30:04,420] INFO autopurge.snapRetainCount set to 3 (org.apache.zookeeper.server.DatadirCleanupManager)
[2018-01-18 16:30:04,420] INFO autopurge.purgeInterval set to 0 (org.apache.zookeeper.server.DatadirCleanupManager)
[2018-01-18 16:30:04,420] INFO Purge task is not scheduled. (org.apache.zookeeper.server.DatadirCleanupManager)
[2018-01-18 16:30:04,420] WARN Either no config or no quorum defined in config, running  in standalone mode (org.apache.zookeeper.server.quorum.QuorumPeerMain)
[2018-01-18 16:30:04,442] INFO Reading configuration from: config/zookeeper.properties (org.apache.zookeeper.server.quorum.QuorumPeerConfig)
[2018-01-18 16:30:04,442] INFO Starting server (org.apache.zookeeper.server.ZooKeeperServerMain)
[2018-01-18 16:30:04,459] INFO Server environment:zookeeper.version=3.4.10-39d3a4f269333c922ed3db283be479f9deacaa0f, built on 03/23/2017 10:13 GMT (org.apache.zookeeper.server.ZooKeeperServer)
[2018-01-18 16:30:04,460] INFO Server environment:host.name=192.168.12.183 (org.apache.zookeeper.server.ZooKeeperServer)
[2018-01-18 16:30:04,460] INFO Server environment:java.version=1.8.0_112 (org.apache.zookeeper.server.ZooKeeperServer)
[2018-01-18 16:30:04,460] INFO Server environment:java.vendor=Oracle Corporation (org.apache.zookeeper.server.ZooKeeperServer)
[2018-01-18 16:30:04,460] INFO Server environment:java.home=/Library/Java/JavaVirtualMachines/jdk8/Contents/Home/jre (org.apache.zookeeper.server.ZooKeeperServer)
[2018-01-18 16:30:04,460] INFO Server environment:java.class.path=:/Users/aknod/Downloads/kafka_2.12-1.0.0/bin/../libs/aopalliance-repackaged-2.5.0-b32.jar:/Users/aknod/Downloads/kafka_2.12-1.0.0/bin/../libs/argparse4j-0.7.0.jar:/Users/aknod/Downloads/kafka_2.12-1.0.0/bin/../libs/commons-lang3-3.5.jar:/Users/aknod/Downloads/kafka_2.12-1.0.0/bin/../libs/connect-api-1.0.0.jar:/Users/aknod/Downloads/kafka_2.12-1.0.0/bin/../libs/connect-file-1.0.0.jar:/Users/aknod/Downloads/kafka_2.12-1.0.0/bin/../libs/connect-json-1.0.0.jar:/Users/aknod/Downloads/kafka_2.12-1.0.0/bin/../libs/connect-runtime-1.0.0.jar:/Users/aknod/Downloads/kafka_2.12-1.0.0/bin/../libs/connect-transforms-1.0.0.jar:/Users/aknod/Downloads/kafka_2.12-1.0.0/bin/../libs/guava-20.0.jar:/Users/aknod/Downloads/kafka_2.12-1.0.0/bin/../libs/hk2-api-2.5.0-b32.jar:/Users/aknod/Downloads/kafka_2.12-1.0.0/bin/../libs/hk2-locator-2.5.0-b32.jar:/Users/aknod/Downloads/kafka_2.12-1.0.0/bin/../libs/hk2-utils-2.5.0-b32.jar:/Users/aknod/Downloads/kafka_2.12-1.0.0/bin/../libs/jackson-annotations-2.9.1.jar:/Users/aknod/Downloads/kafka_2.12-1.0.0/bin/../libs/jackson-core-2.9.1.jar:/Users/aknod/Downloads/kafka_2.12-1.0.0/bin/../libs/jackson-databind-2.9.1.jar:/Users/aknod/Downloads/kafka_2.12-1.0.0/bin/../libs/jackson-jaxrs-base-2.9.1.jar:/Users/aknod/Downloads/kafka_2.12-1.0.0/bin/../libs/jackson-jaxrs-json-provider-2.9.1.jar:/Users/aknod/Downloads/kafka_2.12-1.0.0/bin/../libs/jackson-module-jaxb-annotations-2.9.1.jar:/Users/aknod/Downloads/kafka_2.12-1.0.0/bin/../libs/javassist-3.20.0-GA.jar:/Users/aknod/Downloads/kafka_2.12-1.0.0/bin/../libs/javassist-3.21.0-GA.jar:/Users/aknod/Downloads/kafka_2.12-1.0.0/bin/../libs/javax.annotation-api-1.2.jar:/Users/aknod/Downloads/kafka_2.12-1.0.0/bin/../libs/javax.inject-1.jar:/Users/aknod/Downloads/kafka_2.12-1.0.0/bin/../libs/javax.inject-2.5.0-b32.jar:/Users/aknod/Downloads/kafka_2.12-1.0.0/bin/../libs/javax.servlet-api-3.1.0.jar:/Users/aknod/Downloads/kafka_2.12-1.0.0/bin/../libs/javax.ws.rs-api-2.0.1.jar:/Users/aknod/Downloads/kafka_2.12-1.0.0/bin/../libs/jersey-client-2.25.1.jar:/Users/aknod/Downloads/kafka_2.12-1.0.0/bin/../libs/jersey-common-2.25.1.jar:/Users/aknod/Downloads/kafka_2.12-1.0.0/bin/../libs/jersey-container-servlet-2.25.1.jar:/Users/aknod/Downloads/kafka_2.12-1.0.0/bin/../libs/jersey-container-servlet-core-2.25.1.jar:/Users/aknod/Downloads/kafka_2.12-1.0.0/bin/../libs/jersey-guava-2.25.1.jar:/Users/aknod/Downloads/kafka_2.12-1.0.0/bin/../libs/jersey-media-jaxb-2.25.1.jar:/Users/aknod/Downloads/kafka_2.12-1.0.0/bin/../libs/jersey-server-2.25.1.jar:/Users/aknod/Downloads/kafka_2.12-1.0.0/bin/../libs/jetty-continuation-9.2.22.v20170606.jar:/Users/aknod/Downloads/kafka_2.12-1.0.0/bin/../libs/jetty-http-9.2.22.v20170606.jar:/Users/aknod/Downloads/kafka_2.12-1.0.0/bin/../libs/jetty-io-9.2.22.v20170606.jar:/Users/aknod/Downloads/kafka_2.12-1.0.0/bin/../libs/jetty-security-9.2.22.v20170606.jar:/Users/aknod/Downloads/kafka_2.12-1.0.0/bin/../libs/jetty-server-9.2.22.v20170606.jar:/Users/aknod/Downloads/kafka_2.12-1.0.0/bin/../libs/jetty-servlet-9.2.22.v20170606.jar:/Users/aknod/Downloads/kafka_2.12-1.0.0/bin/../libs/jetty-servlets-9.2.22.v20170606.jar:/Users/aknod/Downloads/kafka_2.12-1.0.0/bin/../libs/jetty-util-9.2.22.v20170606.jar:/Users/aknod/Downloads/kafka_2.12-1.0.0/bin/../libs/jopt-simple-5.0.4.jar:/Users/aknod/Downloads/kafka_2.12-1.0.0/bin/../libs/kafka-clients-1.0.0.jar:/Users/aknod/Downloads/kafka_2.12-1.0.0/bin/../libs/kafka-log4j-appender-1.0.0.jar:/Users/aknod/Downloads/kafka_2.12-1.0.0/bin/../libs/kafka-streams-1.0.0.jar:/Users/aknod/Downloads/kafka_2.12-1.0.0/bin/../libs/kafka-streams-examples-1.0.0.jar:/Users/aknod/Downloads/kafka_2.12-1.0.0/bin/../libs/kafka-tools-1.0.0.jar:/Users/aknod/Downloads/kafka_2.12-1.0.0/bin/../libs/kafka_2.12-1.0.0-sources.jar:/Users/aknod/Downloads/kafka_2.12-1.0.0/bin/../libs/kafka_2.12-1.0.0-test-sources.jar:/Users/aknod/Downloads/kafka_2.12-1.0.0/bin/../libs/kafka_2.12-1.0.0.jar:/Users/aknod/Downloads/kafka_2.12-1.0.0/bin/../libs/log4j-1.2.17.jar:/Users/aknod/Downloads/kafka_2.12-1.0.0/bin/../libs/lz4-java-1.4.jar:/Users/aknod/Downloads/kafka_2.12-1.0.0/bin/../libs/maven-artifact-3.5.0.jar:/Users/aknod/Downloads/kafka_2.12-1.0.0/bin/../libs/metrics-core-2.2.0.jar:/Users/aknod/Downloads/kafka_2.12-1.0.0/bin/../libs/osgi-resource-locator-1.0.1.jar:/Users/aknod/Downloads/kafka_2.12-1.0.0/bin/../libs/plexus-utils-3.0.24.jar:/Users/aknod/Downloads/kafka_2.12-1.0.0/bin/../libs/reflections-0.9.11.jar:/Users/aknod/Downloads/kafka_2.12-1.0.0/bin/../libs/rocksdbjni-5.7.3.jar:/Users/aknod/Downloads/kafka_2.12-1.0.0/bin/../libs/scala-library-2.12.3.jar:/Users/aknod/Downloads/kafka_2.12-1.0.0/bin/../libs/slf4j-api-1.7.25.jar:/Users/aknod/Downloads/kafka_2.12-1.0.0/bin/../libs/slf4j-log4j12-1.7.25.jar:/Users/aknod/Downloads/kafka_2.12-1.0.0/bin/../libs/snappy-java-1.1.4.jar:/Users/aknod/Downloads/kafka_2.12-1.0.0/bin/../libs/validation-api-1.1.0.Final.jar:/Users/aknod/Downloads/kafka_2.12-1.0.0/bin/../libs/zkclient-0.10.jar:/Users/aknod/Downloads/kafka_2.12-1.0.0/bin/../libs/zookeeper-3.4.10.jar (org.apache.zookeeper.server.ZooKeeperServer)
[2018-01-18 16:30:04,460] INFO Server environment:java.library.path=/Users/aknod/Library/Java/Extensions:/Library/Java/Extensions:/Network/Library/Java/Extensions:/System/Library/Java/Extensions:/usr/lib/java:. (org.apache.zookeeper.server.ZooKeeperServer)
[2018-01-18 16:30:04,460] INFO Server environment:java.io.tmpdir=/var/folders/38/1q2th8x965jg_xx_d8_cthxw0000gn/T/ (org.apache.zookeeper.server.ZooKeeperServer)
[2018-01-18 16:30:04,461] INFO Server environment:java.compiler=<NA> (org.apache.zookeeper.server.ZooKeeperServer)
[2018-01-18 16:30:04,461] INFO Server environment:os.name=Mac OS X (org.apache.zookeeper.server.ZooKeeperServer)
[2018-01-18 16:30:04,461] INFO Server environment:os.arch=x86_64 (org.apache.zookeeper.server.ZooKeeperServer)
[2018-01-18 16:30:04,461] INFO Server environment:os.version=10.13.2 (org.apache.zookeeper.server.ZooKeeperServer)
[2018-01-18 16:30:04,461] INFO Server environment:user.name=aknod (org.apache.zookeeper.server.ZooKeeperServer)
[2018-01-18 16:30:04,461] INFO Server environment:user.home=/Users/aknod (org.apache.zookeeper.server.ZooKeeperServer)
[2018-01-18 16:30:04,461] INFO Server environment:user.dir=/Users/aknod/Downloads/kafka_2.12-1.0.0 (org.apache.zookeeper.server.ZooKeeperServer)
[2018-01-18 16:30:04,471] INFO tickTime set to 3000 (org.apache.zookeeper.server.ZooKeeperServer)
[2018-01-18 16:30:04,471] INFO minSessionTimeout set to -1 (org.apache.zookeeper.server.ZooKeeperServer)
[2018-01-18 16:30:04,471] INFO maxSessionTimeout set to -1 (org.apache.zookeeper.server.ZooKeeperServer)
[2018-01-18 16:30:04,508] INFO binding to port 0.0.0.0/0.0.0.0:2181 (org.apache.zookeeper.server.NIOServerCnxnFactory)
[2018-01-18 16:30:25,664] INFO KafkaConfig values: 
	advertised.host.name = null
	advertised.listeners = null
	advertised.port = null
	alter.config.policy.class.name = null
	authorizer.class.name = 
	auto.create.topics.enable = true
	auto.leader.rebalance.enable = true
	background.threads = 10
	broker.id = 0
	broker.id.generation.enable = true
	broker.rack = null
	compression.type = producer
	connections.max.idle.ms = 600000
	controlled.shutdown.enable = true
	controlled.shutdown.max.retries = 3
	controlled.shutdown.retry.backoff.ms = 5000
	controller.socket.timeout.ms = 30000
	create.topic.policy.class.name = null
	default.replication.factor = 1
	delete.records.purgatory.purge.interval.requests = 1
	delete.topic.enable = true
	fetch.purgatory.purge.interval.requests = 1000
	group.initial.rebalance.delay.ms = 0
	group.max.session.timeout.ms = 300000
	group.min.session.timeout.ms = 6000
	host.name = 
	inter.broker.listener.name = null
	inter.broker.protocol.version = 1.0-IV0
	leader.imbalance.check.interval.seconds = 300
	leader.imbalance.per.broker.percentage = 10
	listener.security.protocol.map = PLAINTEXT:PLAINTEXT,SSL:SSL,SASL_PLAINTEXT:SASL_PLAINTEXT,SASL_SSL:SASL_SSL
	listeners = null
	log.cleaner.backoff.ms = 15000
	log.cleaner.dedupe.buffer.size = 134217728
	log.cleaner.delete.retention.ms = 86400000
	log.cleaner.enable = true
	log.cleaner.io.buffer.load.factor = 0.9
	log.cleaner.io.buffer.size = 524288
	log.cleaner.io.max.bytes.per.second = 1.7976931348623157E308
	log.cleaner.min.cleanable.ratio = 0.5
	log.cleaner.min.compaction.lag.ms = 0
	log.cleaner.threads = 1
	log.cleanup.policy = [delete]
	log.dir = /tmp/kafka-logs
	log.dirs = /tmp/kafka-logs
	log.flush.interval.messages = 9223372036854775807
	log.flush.interval.ms = null
	log.flush.offset.checkpoint.interval.ms = 60000
	log.flush.scheduler.interval.ms = 9223372036854775807
	log.flush.start.offset.checkpoint.interval.ms = 60000
	log.index.interval.bytes = 4096
	log.index.size.max.bytes = 10485760
	log.message.format.version = 1.0-IV0
	log.message.timestamp.difference.max.ms = 9223372036854775807
	log.message.timestamp.type = CreateTime
	log.preallocate = false
	log.retention.bytes = -1
	log.retention.check.interval.ms = 300000
	log.retention.hours = 168
	log.retention.minutes = null
	log.retention.ms = null
	log.roll.hours = 168
	log.roll.jitter.hours = 0
	log.roll.jitter.ms = null
	log.roll.ms = null
	log.segment.bytes = 1073741824
	log.segment.delete.delay.ms = 60000
	max.connections.per.ip = 2147483647
	max.connections.per.ip.overrides = 
	message.max.bytes = 1000012
	metric.reporters = []
	metrics.num.samples = 2
	metrics.recording.level = INFO
	metrics.sample.window.ms = 30000
	min.insync.replicas = 1
	num.io.threads = 8
	num.network.threads = 3
	num.partitions = 1
	num.recovery.threads.per.data.dir = 1
	num.replica.fetchers = 1
	offset.metadata.max.bytes = 4096
	offsets.commit.required.acks = -1
	offsets.commit.timeout.ms = 5000
	offsets.load.buffer.size = 5242880
	offsets.retention.check.interval.ms = 600000
	offsets.retention.minutes = 1440
	offsets.topic.compression.codec = 0
	offsets.topic.num.partitions = 50
	offsets.topic.replication.factor = 1
	offsets.topic.segment.bytes = 104857600
	port = 9092
	principal.builder.class = null
	producer.purgatory.purge.interval.requests = 1000
	queued.max.request.bytes = -1
	queued.max.requests = 500
	quota.consumer.default = 9223372036854775807
	quota.producer.default = 9223372036854775807
	quota.window.num = 11
	quota.window.size.seconds = 1
	replica.fetch.backoff.ms = 1000
	replica.fetch.max.bytes = 1048576
	replica.fetch.min.bytes = 1
	replica.fetch.response.max.bytes = 10485760
	replica.fetch.wait.max.ms = 500
	replica.high.watermark.checkpoint.interval.ms = 5000
	replica.lag.time.max.ms = 10000
	replica.socket.receive.buffer.bytes = 65536
	replica.socket.timeout.ms = 30000
	replication.quota.window.num = 11
	replication.quota.window.size.seconds = 1
	request.timeout.ms = 30000
	reserved.broker.max.id = 1000
	sasl.enabled.mechanisms = [GSSAPI]
	sasl.kerberos.kinit.cmd = /usr/bin/kinit
	sasl.kerberos.min.time.before.relogin = 60000
	sasl.kerberos.principal.to.local.rules = [DEFAULT]
	sasl.kerberos.service.name = null
	sasl.kerberos.ticket.renew.jitter = 0.05
	sasl.kerberos.ticket.renew.window.factor = 0.8
	sasl.mechanism.inter.broker.protocol = GSSAPI
	security.inter.broker.protocol = PLAINTEXT
	socket.receive.buffer.bytes = 102400
	socket.request.max.bytes = 104857600
	socket.send.buffer.bytes = 102400
	ssl.cipher.suites = null
	ssl.client.auth = none
	ssl.enabled.protocols = [TLSv1.2, TLSv1.1, TLSv1]
	ssl.endpoint.identification.algorithm = null
	ssl.key.password = null
	ssl.keymanager.algorithm = SunX509
	ssl.keystore.location = null
	ssl.keystore.password = null
	ssl.keystore.type = JKS
	ssl.protocol = TLS
	ssl.provider = null
	ssl.secure.random.implementation = null
	ssl.trustmanager.algorithm = PKIX
	ssl.truststore.location = null
	ssl.truststore.password = null
	ssl.truststore.type = JKS
	transaction.abort.timed.out.transaction.cleanup.interval.ms = 60000
	transaction.max.timeout.ms = 900000
	transaction.remove.expired.transaction.cleanup.interval.ms = 3600000
	transaction.state.log.load.buffer.size = 5242880
	transaction.state.log.min.isr = 1
	transaction.state.log.num.partitions = 50
	transaction.state.log.replication.factor = 1
	transaction.state.log.segment.bytes = 104857600
	transactional.id.expiration.ms = 604800000
	unclean.leader.election.enable = false
	zookeeper.connect = localhost:2181
	zookeeper.connection.timeout.ms = 6000
	zookeeper.session.timeout.ms = 6000
	zookeeper.set.acl = false
	zookeeper.sync.time.ms = 2000
 (kafka.server.KafkaConfig)
[2018-01-18 16:30:25,770] INFO starting (kafka.server.KafkaServer)
[2018-01-18 16:30:25,776] INFO Connecting to zookeeper on localhost:2181 (kafka.server.KafkaServer)
[2018-01-18 16:30:25,798] INFO Starting ZkClient event thread. (org.I0Itec.zkclient.ZkEventThread)
[2018-01-18 16:30:25,807] INFO Client environment:zookeeper.version=3.4.10-39d3a4f269333c922ed3db283be479f9deacaa0f, built on 03/23/2017 10:13 GMT (org.apache.zookeeper.ZooKeeper)
[2018-01-18 16:30:25,807] INFO Client environment:host.name=192.168.12.183 (org.apache.zookeeper.ZooKeeper)
[2018-01-18 16:30:25,807] INFO Client environment:java.version=1.8.0_112 (org.apache.zookeeper.ZooKeeper)
[2018-01-18 16:30:25,807] INFO Client environment:java.vendor=Oracle Corporation (org.apache.zookeeper.ZooKeeper)
[2018-01-18 16:30:25,807] INFO Client environment:java.home=/Library/Java/JavaVirtualMachines/jdk8/Contents/Home/jre (org.apache.zookeeper.ZooKeeper)
[2018-01-18 16:30:25,807] INFO Client environment:java.class.path=:/Users/aknod/Downloads/kafka_2.12-1.0.0/bin/../libs/aopalliance-repackaged-2.5.0-b32.jar:/Users/aknod/Downloads/kafka_2.12-1.0.0/bin/../libs/argparse4j-0.7.0.jar:/Users/aknod/Downloads/kafka_2.12-1.0.0/bin/../libs/commons-lang3-3.5.jar:/Users/aknod/Downloads/kafka_2.12-1.0.0/bin/../libs/connect-api-1.0.0.jar:/Users/aknod/Downloads/kafka_2.12-1.0.0/bin/../libs/connect-file-1.0.0.jar:/Users/aknod/Downloads/kafka_2.12-1.0.0/bin/../libs/connect-json-1.0.0.jar:/Users/aknod/Downloads/kafka_2.12-1.0.0/bin/../libs/connect-runtime-1.0.0.jar:/Users/aknod/Downloads/kafka_2.12-1.0.0/bin/../libs/connect-transforms-1.0.0.jar:/Users/aknod/Downloads/kafka_2.12-1.0.0/bin/../libs/guava-20.0.jar:/Users/aknod/Downloads/kafka_2.12-1.0.0/bin/../libs/hk2-api-2.5.0-b32.jar:/Users/aknod/Downloads/kafka_2.12-1.0.0/bin/../libs/hk2-locator-2.5.0-b32.jar:/Users/aknod/Downloads/kafka_2.12-1.0.0/bin/../libs/hk2-utils-2.5.0-b32.jar:/Users/aknod/Downloads/kafka_2.12-1.0.0/bin/../libs/jackson-annotations-2.9.1.jar:/Users/aknod/Downloads/kafka_2.12-1.0.0/bin/../libs/jackson-core-2.9.1.jar:/Users/aknod/Downloads/kafka_2.12-1.0.0/bin/../libs/jackson-databind-2.9.1.jar:/Users/aknod/Downloads/kafka_2.12-1.0.0/bin/../libs/jackson-jaxrs-base-2.9.1.jar:/Users/aknod/Downloads/kafka_2.12-1.0.0/bin/../libs/jackson-jaxrs-json-provider-2.9.1.jar:/Users/aknod/Downloads/kafka_2.12-1.0.0/bin/../libs/jackson-module-jaxb-annotations-2.9.1.jar:/Users/aknod/Downloads/kafka_2.12-1.0.0/bin/../libs/javassist-3.20.0-GA.jar:/Users/aknod/Downloads/kafka_2.12-1.0.0/bin/../libs/javassist-3.21.0-GA.jar:/Users/aknod/Downloads/kafka_2.12-1.0.0/bin/../libs/javax.annotation-api-1.2.jar:/Users/aknod/Downloads/kafka_2.12-1.0.0/bin/../libs/javax.inject-1.jar:/Users/aknod/Downloads/kafka_2.12-1.0.0/bin/../libs/javax.inject-2.5.0-b32.jar:/Users/aknod/Downloads/kafka_2.12-1.0.0/bin/../libs/javax.servlet-api-3.1.0.jar:/Users/aknod/Downloads/kafka_2.12-1.0.0/bin/../libs/javax.ws.rs-api-2.0.1.jar:/Users/aknod/Downloads/kafka_2.12-1.0.0/bin/../libs/jersey-client-2.25.1.jar:/Users/aknod/Downloads/kafka_2.12-1.0.0/bin/../libs/jersey-common-2.25.1.jar:/Users/aknod/Downloads/kafka_2.12-1.0.0/bin/../libs/jersey-container-servlet-2.25.1.jar:/Users/aknod/Downloads/kafka_2.12-1.0.0/bin/../libs/jersey-container-servlet-core-2.25.1.jar:/Users/aknod/Downloads/kafka_2.12-1.0.0/bin/../libs/jersey-guava-2.25.1.jar:/Users/aknod/Downloads/kafka_2.12-1.0.0/bin/../libs/jersey-media-jaxb-2.25.1.jar:/Users/aknod/Downloads/kafka_2.12-1.0.0/bin/../libs/jersey-server-2.25.1.jar:/Users/aknod/Downloads/kafka_2.12-1.0.0/bin/../libs/jetty-continuation-9.2.22.v20170606.jar:/Users/aknod/Downloads/kafka_2.12-1.0.0/bin/../libs/jetty-http-9.2.22.v20170606.jar:/Users/aknod/Downloads/kafka_2.12-1.0.0/bin/../libs/jetty-io-9.2.22.v20170606.jar:/Users/aknod/Downloads/kafka_2.12-1.0.0/bin/../libs/jetty-security-9.2.22.v20170606.jar:/Users/aknod/Downloads/kafka_2.12-1.0.0/bin/../libs/jetty-server-9.2.22.v20170606.jar:/Users/aknod/Downloads/kafka_2.12-1.0.0/bin/../libs/jetty-servlet-9.2.22.v20170606.jar:/Users/aknod/Downloads/kafka_2.12-1.0.0/bin/../libs/jetty-servlets-9.2.22.v20170606.jar:/Users/aknod/Downloads/kafka_2.12-1.0.0/bin/../libs/jetty-util-9.2.22.v20170606.jar:/Users/aknod/Downloads/kafka_2.12-1.0.0/bin/../libs/jopt-simple-5.0.4.jar:/Users/aknod/Downloads/kafka_2.12-1.0.0/bin/../libs/kafka-clients-1.0.0.jar:/Users/aknod/Downloads/kafka_2.12-1.0.0/bin/../libs/kafka-log4j-appender-1.0.0.jar:/Users/aknod/Downloads/kafka_2.12-1.0.0/bin/../libs/kafka-streams-1.0.0.jar:/Users/aknod/Downloads/kafka_2.12-1.0.0/bin/../libs/kafka-streams-examples-1.0.0.jar:/Users/aknod/Downloads/kafka_2.12-1.0.0/bin/../libs/kafka-tools-1.0.0.jar:/Users/aknod/Downloads/kafka_2.12-1.0.0/bin/../libs/kafka_2.12-1.0.0-sources.jar:/Users/aknod/Downloads/kafka_2.12-1.0.0/bin/../libs/kafka_2.12-1.0.0-test-sources.jar:/Users/aknod/Downloads/kafka_2.12-1.0.0/bin/../libs/kafka_2.12-1.0.0.jar:/Users/aknod/Downloads/kafka_2.12-1.0.0/bin/../libs/log4j-1.2.17.jar:/Users/aknod/Downloads/kafka_2.12-1.0.0/bin/../libs/lz4-java-1.4.jar:/Users/aknod/Downloads/kafka_2.12-1.0.0/bin/../libs/maven-artifact-3.5.0.jar:/Users/aknod/Downloads/kafka_2.12-1.0.0/bin/../libs/metrics-core-2.2.0.jar:/Users/aknod/Downloads/kafka_2.12-1.0.0/bin/../libs/osgi-resource-locator-1.0.1.jar:/Users/aknod/Downloads/kafka_2.12-1.0.0/bin/../libs/plexus-utils-3.0.24.jar:/Users/aknod/Downloads/kafka_2.12-1.0.0/bin/../libs/reflections-0.9.11.jar:/Users/aknod/Downloads/kafka_2.12-1.0.0/bin/../libs/rocksdbjni-5.7.3.jar:/Users/aknod/Downloads/kafka_2.12-1.0.0/bin/../libs/scala-library-2.12.3.jar:/Users/aknod/Downloads/kafka_2.12-1.0.0/bin/../libs/slf4j-api-1.7.25.jar:/Users/aknod/Downloads/kafka_2.12-1.0.0/bin/../libs/slf4j-log4j12-1.7.25.jar:/Users/aknod/Downloads/kafka_2.12-1.0.0/bin/../libs/snappy-java-1.1.4.jar:/Users/aknod/Downloads/kafka_2.12-1.0.0/bin/../libs/validation-api-1.1.0.Final.jar:/Users/aknod/Downloads/kafka_2.12-1.0.0/bin/../libs/zkclient-0.10.jar:/Users/aknod/Downloads/kafka_2.12-1.0.0/bin/../libs/zookeeper-3.4.10.jar (org.apache.zookeeper.ZooKeeper)
[2018-01-18 16:30:25,808] INFO Client environment:java.library.path=/Users/aknod/Library/Java/Extensions:/Library/Java/Extensions:/Network/Library/Java/Extensions:/System/Library/Java/Extensions:/usr/lib/java:. (org.apache.zookeeper.ZooKeeper)
[2018-01-18 16:30:25,808] INFO Client environment:java.io.tmpdir=/var/folders/38/1q2th8x965jg_xx_d8_cthxw0000gn/T/ (org.apache.zookeeper.ZooKeeper)
[2018-01-18 16:30:25,808] INFO Client environment:java.compiler=<NA> (org.apache.zookeeper.ZooKeeper)
[2018-01-18 16:30:25,808] INFO Client environment:os.name=Mac OS X (org.apache.zookeeper.ZooKeeper)
[2018-01-18 16:30:25,808] INFO Client environment:os.arch=x86_64 (org.apache.zookeeper.ZooKeeper)
[2018-01-18 16:30:25,808] INFO Client environment:os.version=10.13.2 (org.apache.zookeeper.ZooKeeper)
[2018-01-18 16:30:25,809] INFO Client environment:user.name=aknod (org.apache.zookeeper.ZooKeeper)
[2018-01-18 16:30:25,809] INFO Client environment:user.home=/Users/aknod (org.apache.zookeeper.ZooKeeper)
[2018-01-18 16:30:25,809] INFO Client environment:user.dir=/Users/aknod/Downloads/kafka_2.12-1.0.0 (org.apache.zookeeper.ZooKeeper)
[2018-01-18 16:30:25,810] INFO Initiating client connection, connectString=localhost:2181 sessionTimeout=6000 watcher=org.I0Itec.zkclient.ZkClient@7c0c77c7 (org.apache.zookeeper.ZooKeeper)
[2018-01-18 16:30:25,829] INFO Waiting for keeper state SyncConnected (org.I0Itec.zkclient.ZkClient)
[2018-01-18 16:30:25,855] INFO Opening socket connection to server localhost/0.0.0.0:2181. Will not attempt to authenticate using SASL (unknown error) (org.apache.zookeeper.ClientCnxn)
[2018-01-18 16:30:25,884] INFO Socket connection established to localhost/0.0.0.0:2181, initiating session (org.apache.zookeeper.ClientCnxn)
[2018-01-18 16:30:25,884] INFO Accepted socket connection from /192.168.12.183:61730 (org.apache.zookeeper.server.NIOServerCnxnFactory)
[2018-01-18 16:30:25,957] INFO Client attempting to establish new session at /192.168.12.183:61730 (org.apache.zookeeper.server.ZooKeeperServer)
[2018-01-18 16:30:25,961] INFO Creating new log file: log.1 (org.apache.zookeeper.server.persistence.FileTxnLog)
[2018-01-18 16:30:25,981] INFO Established session 0x16109ad3ff40000 with negotiated timeout 6000 for client /192.168.12.183:61730 (org.apache.zookeeper.server.ZooKeeperServer)
[2018-01-18 16:30:25,984] INFO Session establishment complete on server localhost/0.0.0.0:2181, sessionid = 0x16109ad3ff40000, negotiated timeout = 6000 (org.apache.zookeeper.ClientCnxn)
[2018-01-18 16:30:25,985] INFO zookeeper state changed (SyncConnected) (org.I0Itec.zkclient.ZkClient)
[2018-01-18 16:30:26,048] INFO Got user-level KeeperException when processing sessionid:0x16109ad3ff40000 type:create cxid:0x5 zxid:0x3 txntype:-1 reqpath:n/a Error Path:/brokers Error:KeeperErrorCode = NoNode for /brokers (org.apache.zookeeper.server.PrepRequestProcessor)
[2018-01-18 16:30:26,060] INFO Got user-level KeeperException when processing sessionid:0x16109ad3ff40000 type:create cxid:0xb zxid:0x7 txntype:-1 reqpath:n/a Error Path:/config Error:KeeperErrorCode = NoNode for /config (org.apache.zookeeper.server.PrepRequestProcessor)
[2018-01-18 16:30:26,067] INFO Got user-level KeeperException when processing sessionid:0x16109ad3ff40000 type:create cxid:0x13 zxid:0xc txntype:-1 reqpath:n/a Error Path:/admin Error:KeeperErrorCode = NoNode for /admin (org.apache.zookeeper.server.PrepRequestProcessor)
[2018-01-18 16:30:26,310] INFO Got user-level KeeperException when processing sessionid:0x16109ad3ff40000 type:create cxid:0x1f zxid:0x13 txntype:-1 reqpath:n/a Error Path:/cluster Error:KeeperErrorCode = NoNode for /cluster (org.apache.zookeeper.server.PrepRequestProcessor)
[2018-01-18 16:30:26,314] INFO Cluster ID = _RtrgrsHSU2OC3fyBeqH6Q (kafka.server.KafkaServer)
[2018-01-18 16:30:26,332] WARN No meta.properties file under dir /tmp/kafka-logs/meta.properties (kafka.server.BrokerMetadataCheckpoint)
[2018-01-18 16:30:26,370] INFO [ThrottledRequestReaper-Fetch]: Starting (kafka.server.ClientQuotaManager$ThrottledRequestReaper)
[2018-01-18 16:30:26,370] INFO [ThrottledRequestReaper-Produce]: Starting (kafka.server.ClientQuotaManager$ThrottledRequestReaper)
[2018-01-18 16:30:26,371] INFO [ThrottledRequestReaper-Request]: Starting (kafka.server.ClientQuotaManager$ThrottledRequestReaper)
[2018-01-18 16:30:26,422] INFO Log directory '/tmp/kafka-logs' not found, creating it. (kafka.log.LogManager)
[2018-01-18 16:30:26,444] INFO Loading logs. (kafka.log.LogManager)
[2018-01-18 16:30:26,468] INFO Logs loading complete in 24 ms. (kafka.log.LogManager)
[2018-01-18 16:30:26,585] INFO Starting log cleanup with a period of 300000 ms. (kafka.log.LogManager)
[2018-01-18 16:30:26,590] INFO Starting log flusher with a default period of 9223372036854775807 ms. (kafka.log.LogManager)
[2018-01-18 16:30:26,872] INFO Awaiting socket connections on 0.0.0.0:9092. (kafka.network.Acceptor)
[2018-01-18 16:30:26,876] INFO [SocketServer brokerId=0] Started 1 acceptor threads (kafka.network.SocketServer)
[2018-01-18 16:30:26,906] INFO [ExpirationReaper-0-Produce]: Starting (kafka.server.DelayedOperationPurgatory$ExpiredOperationReaper)
[2018-01-18 16:30:26,907] INFO [ExpirationReaper-0-Fetch]: Starting (kafka.server.DelayedOperationPurgatory$ExpiredOperationReaper)
[2018-01-18 16:30:26,908] INFO [ExpirationReaper-0-DeleteRecords]: Starting (kafka.server.DelayedOperationPurgatory$ExpiredOperationReaper)
[2018-01-18 16:30:26,921] INFO [LogDirFailureHandler]: Starting (kafka.server.ReplicaManager$LogDirFailureHandler)
[2018-01-18 16:30:26,979] INFO [ExpirationReaper-0-topic]: Starting (kafka.server.DelayedOperationPurgatory$ExpiredOperationReaper)
[2018-01-18 16:30:26,983] INFO [ExpirationReaper-0-Heartbeat]: Starting (kafka.server.DelayedOperationPurgatory$ExpiredOperationReaper)
[2018-01-18 16:30:26,983] INFO Creating /controller (is it secure? false) (kafka.utils.ZKCheckedEphemeral)
[2018-01-18 16:30:26,984] INFO [ExpirationReaper-0-Rebalance]: Starting (kafka.server.DelayedOperationPurgatory$ExpiredOperationReaper)
[2018-01-18 16:30:26,990] INFO Result of znode creation is: OK (kafka.utils.ZKCheckedEphemeral)
[2018-01-18 16:30:26,996] INFO Got user-level KeeperException when processing sessionid:0x16109ad3ff40000 type:setData cxid:0x2a zxid:0x17 txntype:-1 reqpath:n/a Error Path:/controller_epoch Error:KeeperErrorCode = NoNode for /controller_epoch (org.apache.zookeeper.server.PrepRequestProcessor)
[2018-01-18 16:30:27,002] INFO [GroupCoordinator 0]: Starting up. (kafka.coordinator.group.GroupCoordinator)
[2018-01-18 16:30:27,004] INFO [GroupCoordinator 0]: Startup complete. (kafka.coordinator.group.GroupCoordinator)
[2018-01-18 16:30:27,007] INFO [GroupMetadataManager brokerId=0] Removed 0 expired offsets in 4 milliseconds. (kafka.coordinator.group.GroupMetadataManager)
[2018-01-18 16:30:27,026] INFO [ProducerId Manager 0]: Acquired new producerId block (brokerId:0,blockStartProducerId:0,blockEndProducerId:999) by writing to Zk with path version 1 (kafka.coordinator.transaction.ProducerIdManager)
[2018-01-18 16:30:27,061] INFO [TransactionCoordinator id=0] Starting up. (kafka.coordinator.transaction.TransactionCoordinator)
[2018-01-18 16:30:27,063] INFO [Transaction Marker Channel Manager 0]: Starting (kafka.coordinator.transaction.TransactionMarkerChannelManager)
[2018-01-18 16:30:27,063] INFO [TransactionCoordinator id=0] Startup complete. (kafka.coordinator.transaction.TransactionCoordinator)
[2018-01-18 16:30:27,101] INFO Got user-level KeeperException when processing sessionid:0x16109ad3ff40000 type:delete cxid:0x41 zxid:0x1a txntype:-1 reqpath:n/a Error Path:/admin/preferred_replica_election Error:KeeperErrorCode = NoNode for /admin/preferred_replica_election (org.apache.zookeeper.server.PrepRequestProcessor)
[2018-01-18 16:30:27,124] INFO Creating /brokers/ids/0 (is it secure? false) (kafka.utils.ZKCheckedEphemeral)
[2018-01-18 16:30:27,125] INFO Got user-level KeeperException when processing sessionid:0x16109ad3ff40000 type:create cxid:0x4b zxid:0x1b txntype:-1 reqpath:n/a Error Path:/brokers Error:KeeperErrorCode = NodeExists for /brokers (org.apache.zookeeper.server.PrepRequestProcessor)
[2018-01-18 16:30:27,125] INFO Got user-level KeeperException when processing sessionid:0x16109ad3ff40000 type:create cxid:0x4c zxid:0x1c txntype:-1 reqpath:n/a Error Path:/brokers/ids Error:KeeperErrorCode = NodeExists for /brokers/ids (org.apache.zookeeper.server.PrepRequestProcessor)
[2018-01-18 16:30:27,127] INFO Result of znode creation is: OK (kafka.utils.ZKCheckedEphemeral)
[2018-01-18 16:30:27,128] INFO Registered broker 0 at path /brokers/ids/0 with addresses: EndPoint(192.168.12.183,9092,ListenerName(PLAINTEXT),PLAINTEXT) (kafka.utils.ZkUtils)
[2018-01-18 16:30:27,130] WARN No meta.properties file under dir /tmp/kafka-logs/meta.properties (kafka.server.BrokerMetadataCheckpoint)
[2018-01-18 16:30:27,149] INFO Kafka version : 1.0.0 (org.apache.kafka.common.utils.AppInfoParser)
[2018-01-18 16:30:27,149] INFO Kafka commitId : aaa7af6d4a11b29d (org.apache.kafka.common.utils.AppInfoParser)
[2018-01-18 16:30:27,151] INFO [KafkaServer id=0] started (kafka.server.KafkaServer)
[2018-01-18 16:31:01,440] WARN Session 0x16109ad3ff40000 for server localhost/0.0.0.0:2181, unexpected error, closing socket connection and attempting reconnect (org.apache.zookeeper.ClientCnxn)
java.io.IOException: Connection reset by peer
	at sun.nio.ch.FileDispatcherImpl.read0(Native Method)
	at sun.nio.ch.SocketDispatcher.read(SocketDispatcher.java:39)
	at sun.nio.ch.IOUtil.readIntoNativeBuffer(IOUtil.java:223)
	at sun.nio.ch.IOUtil.read(IOUtil.java:192)
	at sun.nio.ch.SocketChannelImpl.read(SocketChannelImpl.java:380)
	at org.apache.zookeeper.ClientCnxnSocketNIO.doIO(ClientCnxnSocketNIO.java:68)
	at org.apache.zookeeper.ClientCnxnSocketNIO.doTransport(ClientCnxnSocketNIO.java:366)
	at org.apache.zookeeper.ClientCnxn$SendThread.run(ClientCnxn.java:1141)
[2018-01-18 16:31:01,547] INFO zookeeper state changed (Disconnected) (org.I0Itec.zkclient.ZkClient)
[2018-01-18 16:31:01,745] INFO Opening socket connection to server localhost/127.0.0.1:2181. Will not attempt to authenticate using SASL (unknown error) (org.apache.zookeeper.ClientCnxn)
[2018-01-18 16:31:01,745] WARN Session 0x16109ad3ff40000 for server null, unexpected error, closing socket connection and attempting reconnect (org.apache.zookeeper.ClientCnxn)
java.net.ConnectException: Connection refused
	at sun.nio.ch.SocketChannelImpl.checkConnect(Native Method)
	at sun.nio.ch.SocketChannelImpl.finishConnect(SocketChannelImpl.java:717)
	at org.apache.zookeeper.ClientCnxnSocketNIO.doTransport(ClientCnxnSocketNIO.java:361)
	at org.apache.zookeeper.ClientCnxn$SendThread.run(ClientCnxn.java:1141)
[2018-01-18 16:31:02,115] INFO Opening socket connection to server localhost/0:0:0:0:0:0:0:1:2181. Will not attempt to authenticate using SASL (unknown error) (org.apache.zookeeper.ClientCnxn)
[2018-01-18 16:31:02,116] WARN Session 0x16109ad3ff40000 for server null, unexpected error, closing socket connection and attempting reconnect (org.apache.zookeeper.ClientCnxn)
java.net.ConnectException: Connection refused
	at sun.nio.ch.SocketChannelImpl.checkConnect(Native Method)
	at sun.nio.ch.SocketChannelImpl.finishConnect(SocketChannelImpl.java:717)
	at org.apache.zookeeper.ClientCnxnSocketNIO.doTransport(ClientCnxnSocketNIO.java:361)
	at org.apache.zookeeper.ClientCnxn$SendThread.run(ClientCnxn.java:1141)
[2018-01-18 16:31:03,315] INFO Terminating process due to signal SIGINT (kafka.Kafka$)
[2018-01-18 16:31:03,317] INFO [KafkaServer id=0] shutting down (kafka.server.KafkaServer)
[2018-01-18 16:31:03,320] INFO [KafkaServer id=0] Starting controlled shutdown (kafka.server.KafkaServer)
[2018-01-18 16:31:07,322] INFO Opening socket connection to server fe80:0:0:0:0:0:0:1%1/fe80:0:0:0:0:0:0:1%1:2181. Will not attempt to authenticate using SASL (unknown error) (org.apache.zookeeper.ClientCnxn)
[2018-01-18 16:31:07,323] WARN Session 0x16109ad3ff40000 for server null, unexpected error, closing socket connection and attempting reconnect (org.apache.zookeeper.ClientCnxn)
java.net.ConnectException: Connection refused
	at sun.nio.ch.SocketChannelImpl.checkConnect(Native Method)
	at sun.nio.ch.SocketChannelImpl.finishConnect(SocketChannelImpl.java:717)
	at org.apache.zookeeper.ClientCnxnSocketNIO.doTransport(ClientCnxnSocketNIO.java:361)
	at org.apache.zookeeper.ClientCnxn$SendThread.run(ClientCnxn.java:1141)
[2018-01-18 16:31:07,424] INFO Waiting for keeper state SyncConnected (org.I0Itec.zkclient.ZkClient)
[2018-01-18 16:31:08,460] INFO Opening socket connection to server localhost/0.0.0.0:2181. Will not attempt to authenticate using SASL (unknown error) (org.apache.zookeeper.ClientCnxn)
[2018-01-18 16:31:08,463] WARN Session 0x16109ad3ff40000 for server null, unexpected error, closing socket connection and attempting reconnect (org.apache.zookeeper.ClientCnxn)
java.net.ConnectException: Connection refused
	at sun.nio.ch.SocketChannelImpl.checkConnect(Native Method)
	at sun.nio.ch.SocketChannelImpl.finishConnect(SocketChannelImpl.java:717)
	at org.apache.zookeeper.ClientCnxnSocketNIO.doTransport(ClientCnxnSocketNIO.java:361)
	at org.apache.zookeeper.ClientCnxn$SendThread.run(ClientCnxn.java:1141)
[2018-01-18 16:31:08,782] INFO Opening socket connection to server localhost/127.0.0.1:2181. Will not attempt to authenticate using SASL (unknown error) (org.apache.zookeeper.ClientCnxn)
[2018-01-18 16:31:08,783] WARN Session 0x16109ad3ff40000 for server null, unexpected error, closing socket connection and attempting reconnect (org.apache.zookeeper.ClientCnxn)
java.net.ConnectException: Connection refused
	at sun.nio.ch.SocketChannelImpl.checkConnect(Native Method)
	at sun.nio.ch.SocketChannelImpl.finishConnect(SocketChannelImpl.java:717)
	at org.apache.zookeeper.ClientCnxnSocketNIO.doTransport(ClientCnxnSocketNIO.java:361)
	at org.apache.zookeeper.ClientCnxn$SendThread.run(ClientCnxn.java:1141)
[2018-01-18 16:31:09,491] INFO Opening socket connection to server localhost/0:0:0:0:0:0:0:1:2181. Will not attempt to authenticate using SASL (unknown error) (org.apache.zookeeper.ClientCnxn)
[2018-01-18 16:31:09,492] WARN Session 0x16109ad3ff40000 for server null, unexpected error, closing socket connection and attempting reconnect (org.apache.zookeeper.ClientCnxn)
java.net.ConnectException: Connection refused
	at sun.nio.ch.SocketChannelImpl.checkConnect(Native Method)
	at sun.nio.ch.SocketChannelImpl.finishConnect(SocketChannelImpl.java:717)
	at org.apache.zookeeper.ClientCnxnSocketNIO.doTransport(ClientCnxnSocketNIO.java:361)
	at org.apache.zookeeper.ClientCnxn$SendThread.run(ClientCnxn.java:1141)
[2018-01-18 16:31:10,381] INFO Opening socket connection to server fe80:0:0:0:0:0:0:1%1/fe80:0:0:0:0:0:0:1%1:2181. Will not attempt to authenticate using SASL (unknown error) (org.apache.zookeeper.ClientCnxn)
[2018-01-18 16:31:10,382] WARN Session 0x16109ad3ff40000 for server null, unexpected error, closing socket connection and attempting reconnect (org.apache.zookeeper.ClientCnxn)
java.net.ConnectException: Connection refused
	at sun.nio.ch.SocketChannelImpl.checkConnect(Native Method)
	at sun.nio.ch.SocketChannelImpl.finishConnect(SocketChannelImpl.java:717)
	at org.apache.zookeeper.ClientCnxnSocketNIO.doTransport(ClientCnxnSocketNIO.java:361)
	at org.apache.zookeeper.ClientCnxn$SendThread.run(ClientCnxn.java:1141)
[2018-01-18 16:31:11,153] INFO Terminating process due to signal SIGINT (kafka.Kafka$)
[2018-01-18 16:31:12,192] INFO Terminating process due to signal SIGINT (kafka.Kafka$)
[2018-01-18 16:31:12,365] INFO Opening socket connection to server localhost/0.0.0.0:2181. Will not attempt to authenticate using SASL (unknown error) (org.apache.zookeeper.ClientCnxn)
[2018-01-18 16:31:12,365] WARN Session 0x16109ad3ff40000 for server null, unexpected error, closing socket connection and attempting reconnect (org.apache.zookeeper.ClientCnxn)
java.net.ConnectException: Connection refused
	at sun.nio.ch.SocketChannelImpl.checkConnect(Native Method)
	at sun.nio.ch.SocketChannelImpl.finishConnect(SocketChannelImpl.java:717)
	at org.apache.zookeeper.ClientCnxnSocketNIO.doTransport(ClientCnxnSocketNIO.java:361)
	at org.apache.zookeeper.ClientCnxn$SendThread.run(ClientCnxn.java:1141)
[2018-01-18 16:31:12,624] INFO Terminating process due to signal SIGINT (kafka.Kafka$)
[2018-01-18 16:31:12,872] INFO Terminating process due to signal SIGINT (kafka.Kafka$)
[2018-01-18 16:31:13,072] INFO Terminating process due to signal SIGINT (kafka.Kafka$)
[2018-01-18 16:31:13,225] INFO Opening socket connection to server localhost/127.0.0.1:2181. Will not attempt to authenticate using SASL (unknown error) (org.apache.zookeeper.ClientCnxn)
[2018-01-18 16:31:13,225] WARN Session 0x16109ad3ff40000 for server null, unexpected error, closing socket connection and attempting reconnect (org.apache.zookeeper.ClientCnxn)
java.net.ConnectException: Connection refused
	at sun.nio.ch.SocketChannelImpl.checkConnect(Native Method)
	at sun.nio.ch.SocketChannelImpl.finishConnect(SocketChannelImpl.java:717)
	at org.apache.zookeeper.ClientCnxnSocketNIO.doTransport(ClientCnxnSocketNIO.java:361)
	at org.apache.zookeeper.ClientCnxn$SendThread.run(ClientCnxn.java:1141)
[2018-01-18 16:31:13,250] INFO Terminating process due to signal SIGINT (kafka.Kafka$)
[2018-01-18 16:31:13,424] INFO Terminating process due to signal SIGINT (kafka.Kafka$)
[2018-01-18 16:31:13,616] INFO Terminating process due to signal SIGINT (kafka.Kafka$)
[2018-01-18 16:31:13,809] INFO Terminating process due to signal SIGINT (kafka.Kafka$)
[2018-01-18 16:31:13,992] INFO Terminating process due to signal SIGINT (kafka.Kafka$)
[2018-01-18 16:31:14,308] INFO Opening socket connection to server localhost/0:0:0:0:0:0:0:1:2181. Will not attempt to authenticate using SASL (unknown error) (org.apache.zookeeper.ClientCnxn)
[2018-01-18 16:31:14,309] WARN Session 0x16109ad3ff40000 for server null, unexpected error, closing socket connection and attempting reconnect (org.apache.zookeeper.ClientCnxn)
java.net.ConnectException: Connection refused
	at sun.nio.ch.SocketChannelImpl.checkConnect(Native Method)
	at sun.nio.ch.SocketChannelImpl.finishConnect(SocketChannelImpl.java:717)
	at org.apache.zookeeper.ClientCnxnSocketNIO.doTransport(ClientCnxnSocketNIO.java:361)
	at org.apache.zookeeper.ClientCnxn$SendThread.run(ClientCnxn.java:1141)
[2018-01-18 16:31:15,129] INFO Opening socket connection to server fe80:0:0:0:0:0:0:1%1/fe80:0:0:0:0:0:0:1%1:2181. Will not attempt to authenticate using SASL (unknown error) (org.apache.zookeeper.ClientCnxn)
[2018-01-18 16:31:15,130] WARN Session 0x16109ad3ff40000 for server null, unexpected error, closing socket connection and attempting reconnect (org.apache.zookeeper.ClientCnxn)
java.net.ConnectException: Connection refused
	at sun.nio.ch.SocketChannelImpl.checkConnect(Native Method)
	at sun.nio.ch.SocketChannelImpl.finishConnect(SocketChannelImpl.java:717)
	at org.apache.zookeeper.ClientCnxnSocketNIO.doTransport(ClientCnxnSocketNIO.java:361)
	at org.apache.zookeeper.ClientCnxn$SendThread.run(ClientCnxn.java:1141)
[2018-01-18 16:31:17,162] INFO Opening socket connection to server localhost/0.0.0.0:2181. Will not attempt to authenticate using SASL (unknown error) (org.apache.zookeeper.ClientCnxn)
[2018-01-18 16:31:17,165] WARN Session 0x16109ad3ff40000 for server null, unexpected error, closing socket connection and attempting reconnect (org.apache.zookeeper.ClientCnxn)
java.net.ConnectException: Connection refused
	at sun.nio.ch.SocketChannelImpl.checkConnect(Native Method)
	at sun.nio.ch.SocketChannelImpl.finishConnect(SocketChannelImpl.java:717)
	at org.apache.zookeeper.ClientCnxnSocketNIO.doTransport(ClientCnxnSocketNIO.java:361)
	at org.apache.zookeeper.ClientCnxn$SendThread.run(ClientCnxn.java:1141)
[2018-01-18 16:31:17,549] INFO Opening socket connection to server localhost/127.0.0.1:2181. Will not attempt to authenticate using SASL (unknown error) (org.apache.zookeeper.ClientCnxn)
[2018-01-18 16:31:17,550] WARN Session 0x16109ad3ff40000 for server null, unexpected error, closing socket connection and attempting reconnect (org.apache.zookeeper.ClientCnxn)
java.net.ConnectException: Connection refused
	at sun.nio.ch.SocketChannelImpl.checkConnect(Native Method)
	at sun.nio.ch.SocketChannelImpl.finishConnect(SocketChannelImpl.java:717)
	at org.apache.zookeeper.ClientCnxnSocketNIO.doTransport(ClientCnxnSocketNIO.java:361)
	at org.apache.zookeeper.ClientCnxn$SendThread.run(ClientCnxn.java:1141)
[2018-01-18 16:31:17,635] INFO Reading configuration from: config/zookeeper.properties (org.apache.zookeeper.server.quorum.QuorumPeerConfig)
[2018-01-18 16:31:17,637] INFO autopurge.snapRetainCount set to 3 (org.apache.zookeeper.server.DatadirCleanupManager)
[2018-01-18 16:31:17,637] INFO autopurge.purgeInterval set to 0 (org.apache.zookeeper.server.DatadirCleanupManager)
[2018-01-18 16:31:17,637] INFO Purge task is not scheduled. (org.apache.zookeeper.server.DatadirCleanupManager)
[2018-01-18 16:31:17,637] WARN Either no config or no quorum defined in config, running  in standalone mode (org.apache.zookeeper.server.quorum.QuorumPeerMain)
[2018-01-18 16:31:17,656] INFO Reading configuration from: config/zookeeper.properties (org.apache.zookeeper.server.quorum.QuorumPeerConfig)
[2018-01-18 16:31:17,657] INFO Starting server (org.apache.zookeeper.server.ZooKeeperServerMain)
[2018-01-18 16:31:17,670] INFO Server environment:zookeeper.version=3.4.10-39d3a4f269333c922ed3db283be479f9deacaa0f, built on 03/23/2017 10:13 GMT (org.apache.zookeeper.server.ZooKeeperServer)
[2018-01-18 16:31:17,670] INFO Server environment:host.name=192.168.12.183 (org.apache.zookeeper.server.ZooKeeperServer)
[2018-01-18 16:31:17,670] INFO Server environment:java.version=1.8.0_112 (org.apache.zookeeper.server.ZooKeeperServer)
[2018-01-18 16:31:17,670] INFO Server environment:java.vendor=Oracle Corporation (org.apache.zookeeper.server.ZooKeeperServer)
[2018-01-18 16:31:17,670] INFO Server environment:java.home=/Library/Java/JavaVirtualMachines/jdk8/Contents/Home/jre (org.apache.zookeeper.server.ZooKeeperServer)
[2018-01-18 16:31:17,671] INFO Server environment:java.class.path=:/Users/aknod/Downloads/kafka_2.12-1.0.0/bin/../libs/aopalliance-repackaged-2.5.0-b32.jar:/Users/aknod/Downloads/kafka_2.12-1.0.0/bin/../libs/argparse4j-0.7.0.jar:/Users/aknod/Downloads/kafka_2.12-1.0.0/bin/../libs/commons-lang3-3.5.jar:/Users/aknod/Downloads/kafka_2.12-1.0.0/bin/../libs/connect-api-1.0.0.jar:/Users/aknod/Downloads/kafka_2.12-1.0.0/bin/../libs/connect-file-1.0.0.jar:/Users/aknod/Downloads/kafka_2.12-1.0.0/bin/../libs/connect-json-1.0.0.jar:/Users/aknod/Downloads/kafka_2.12-1.0.0/bin/../libs/connect-runtime-1.0.0.jar:/Users/aknod/Downloads/kafka_2.12-1.0.0/bin/../libs/connect-transforms-1.0.0.jar:/Users/aknod/Downloads/kafka_2.12-1.0.0/bin/../libs/guava-20.0.jar:/Users/aknod/Downloads/kafka_2.12-1.0.0/bin/../libs/hk2-api-2.5.0-b32.jar:/Users/aknod/Downloads/kafka_2.12-1.0.0/bin/../libs/hk2-locator-2.5.0-b32.jar:/Users/aknod/Downloads/kafka_2.12-1.0.0/bin/../libs/hk2-utils-2.5.0-b32.jar:/Users/aknod/Downloads/kafka_2.12-1.0.0/bin/../libs/jackson-annotations-2.9.1.jar:/Users/aknod/Downloads/kafka_2.12-1.0.0/bin/../libs/jackson-core-2.9.1.jar:/Users/aknod/Downloads/kafka_2.12-1.0.0/bin/../libs/jackson-databind-2.9.1.jar:/Users/aknod/Downloads/kafka_2.12-1.0.0/bin/../libs/jackson-jaxrs-base-2.9.1.jar:/Users/aknod/Downloads/kafka_2.12-1.0.0/bin/../libs/jackson-jaxrs-json-provider-2.9.1.jar:/Users/aknod/Downloads/kafka_2.12-1.0.0/bin/../libs/jackson-module-jaxb-annotations-2.9.1.jar:/Users/aknod/Downloads/kafka_2.12-1.0.0/bin/../libs/javassist-3.20.0-GA.jar:/Users/aknod/Downloads/kafka_2.12-1.0.0/bin/../libs/javassist-3.21.0-GA.jar:/Users/aknod/Downloads/kafka_2.12-1.0.0/bin/../libs/javax.annotation-api-1.2.jar:/Users/aknod/Downloads/kafka_2.12-1.0.0/bin/../libs/javax.inject-1.jar:/Users/aknod/Downloads/kafka_2.12-1.0.0/bin/../libs/javax.inject-2.5.0-b32.jar:/Users/aknod/Downloads/kafka_2.12-1.0.0/bin/../libs/javax.servlet-api-3.1.0.jar:/Users/aknod/Downloads/kafka_2.12-1.0.0/bin/../libs/javax.ws.rs-api-2.0.1.jar:/Users/aknod/Downloads/kafka_2.12-1.0.0/bin/../libs/jersey-client-2.25.1.jar:/Users/aknod/Downloads/kafka_2.12-1.0.0/bin/../libs/jersey-common-2.25.1.jar:/Users/aknod/Downloads/kafka_2.12-1.0.0/bin/../libs/jersey-container-servlet-2.25.1.jar:/Users/aknod/Downloads/kafka_2.12-1.0.0/bin/../libs/jersey-container-servlet-core-2.25.1.jar:/Users/aknod/Downloads/kafka_2.12-1.0.0/bin/../libs/jersey-guava-2.25.1.jar:/Users/aknod/Downloads/kafka_2.12-1.0.0/bin/../libs/jersey-media-jaxb-2.25.1.jar:/Users/aknod/Downloads/kafka_2.12-1.0.0/bin/../libs/jersey-server-2.25.1.jar:/Users/aknod/Downloads/kafka_2.12-1.0.0/bin/../libs/jetty-continuation-9.2.22.v20170606.jar:/Users/aknod/Downloads/kafka_2.12-1.0.0/bin/../libs/jetty-http-9.2.22.v20170606.jar:/Users/aknod/Downloads/kafka_2.12-1.0.0/bin/../libs/jetty-io-9.2.22.v20170606.jar:/Users/aknod/Downloads/kafka_2.12-1.0.0/bin/../libs/jetty-security-9.2.22.v20170606.jar:/Users/aknod/Downloads/kafka_2.12-1.0.0/bin/../libs/jetty-server-9.2.22.v20170606.jar:/Users/aknod/Downloads/kafka_2.12-1.0.0/bin/../libs/jetty-servlet-9.2.22.v20170606.jar:/Users/aknod/Downloads/kafka_2.12-1.0.0/bin/../libs/jetty-servlets-9.2.22.v20170606.jar:/Users/aknod/Downloads/kafka_2.12-1.0.0/bin/../libs/jetty-util-9.2.22.v20170606.jar:/Users/aknod/Downloads/kafka_2.12-1.0.0/bin/../libs/jopt-simple-5.0.4.jar:/Users/aknod/Downloads/kafka_2.12-1.0.0/bin/../libs/kafka-clients-1.0.0.jar:/Users/aknod/Downloads/kafka_2.12-1.0.0/bin/../libs/kafka-log4j-appender-1.0.0.jar:/Users/aknod/Downloads/kafka_2.12-1.0.0/bin/../libs/kafka-streams-1.0.0.jar:/Users/aknod/Downloads/kafka_2.12-1.0.0/bin/../libs/kafka-streams-examples-1.0.0.jar:/Users/aknod/Downloads/kafka_2.12-1.0.0/bin/../libs/kafka-tools-1.0.0.jar:/Users/aknod/Downloads/kafka_2.12-1.0.0/bin/../libs/kafka_2.12-1.0.0-sources.jar:/Users/aknod/Downloads/kafka_2.12-1.0.0/bin/../libs/kafka_2.12-1.0.0-test-sources.jar:/Users/aknod/Downloads/kafka_2.12-1.0.0/bin/../libs/kafka_2.12-1.0.0.jar:/Users/aknod/Downloads/kafka_2.12-1.0.0/bin/../libs/log4j-1.2.17.jar:/Users/aknod/Downloads/kafka_2.12-1.0.0/bin/../libs/lz4-java-1.4.jar:/Users/aknod/Downloads/kafka_2.12-1.0.0/bin/../libs/maven-artifact-3.5.0.jar:/Users/aknod/Downloads/kafka_2.12-1.0.0/bin/../libs/metrics-core-2.2.0.jar:/Users/aknod/Downloads/kafka_2.12-1.0.0/bin/../libs/osgi-resource-locator-1.0.1.jar:/Users/aknod/Downloads/kafka_2.12-1.0.0/bin/../libs/plexus-utils-3.0.24.jar:/Users/aknod/Downloads/kafka_2.12-1.0.0/bin/../libs/reflections-0.9.11.jar:/Users/aknod/Downloads/kafka_2.12-1.0.0/bin/../libs/rocksdbjni-5.7.3.jar:/Users/aknod/Downloads/kafka_2.12-1.0.0/bin/../libs/scala-library-2.12.3.jar:/Users/aknod/Downloads/kafka_2.12-1.0.0/bin/../libs/slf4j-api-1.7.25.jar:/Users/aknod/Downloads/kafka_2.12-1.0.0/bin/../libs/slf4j-log4j12-1.7.25.jar:/Users/aknod/Downloads/kafka_2.12-1.0.0/bin/../libs/snappy-java-1.1.4.jar:/Users/aknod/Downloads/kafka_2.12-1.0.0/bin/../libs/validation-api-1.1.0.Final.jar:/Users/aknod/Downloads/kafka_2.12-1.0.0/bin/../libs/zkclient-0.10.jar:/Users/aknod/Downloads/kafka_2.12-1.0.0/bin/../libs/zookeeper-3.4.10.jar (org.apache.zookeeper.server.ZooKeeperServer)
[2018-01-18 16:31:17,671] INFO Server environment:java.library.path=/Users/aknod/Library/Java/Extensions:/Library/Java/Extensions:/Network/Library/Java/Extensions:/System/Library/Java/Extensions:/usr/lib/java:. (org.apache.zookeeper.server.ZooKeeperServer)
[2018-01-18 16:31:17,671] INFO Server environment:java.io.tmpdir=/var/folders/38/1q2th8x965jg_xx_d8_cthxw0000gn/T/ (org.apache.zookeeper.server.ZooKeeperServer)
[2018-01-18 16:31:17,672] INFO Server environment:java.compiler=<NA> (org.apache.zookeeper.server.ZooKeeperServer)
[2018-01-18 16:31:17,672] INFO Server environment:os.name=Mac OS X (org.apache.zookeeper.server.ZooKeeperServer)
[2018-01-18 16:31:17,672] INFO Server environment:os.arch=x86_64 (org.apache.zookeeper.server.ZooKeeperServer)
[2018-01-18 16:31:17,672] INFO Server environment:os.version=10.13.2 (org.apache.zookeeper.server.ZooKeeperServer)
[2018-01-18 16:31:17,672] INFO Server environment:user.name=aknod (org.apache.zookeeper.server.ZooKeeperServer)
[2018-01-18 16:31:17,672] INFO Server environment:user.home=/Users/aknod (org.apache.zookeeper.server.ZooKeeperServer)
[2018-01-18 16:31:17,672] INFO Server environment:user.dir=/Users/aknod/Downloads/kafka_2.12-1.0.0 (org.apache.zookeeper.server.ZooKeeperServer)
[2018-01-18 16:31:17,680] INFO tickTime set to 3000 (org.apache.zookeeper.server.ZooKeeperServer)
[2018-01-18 16:31:17,680] INFO minSessionTimeout set to -1 (org.apache.zookeeper.server.ZooKeeperServer)
[2018-01-18 16:31:17,680] INFO maxSessionTimeout set to -1 (org.apache.zookeeper.server.ZooKeeperServer)
[2018-01-18 16:31:17,709] INFO binding to port 0.0.0.0/0.0.0.0:2181 (org.apache.zookeeper.server.NIOServerCnxnFactory)
[2018-01-18 16:31:17,756] INFO Opening socket connection to server localhost/0:0:0:0:0:0:0:1:2181. Will not attempt to authenticate using SASL (unknown error) (org.apache.zookeeper.ClientCnxn)
[2018-01-18 16:31:17,757] INFO Socket connection established to localhost/0:0:0:0:0:0:0:1:2181, initiating session (org.apache.zookeeper.ClientCnxn)
[2018-01-18 16:31:17,763] INFO Accepted socket connection from /0:0:0:0:0:0:0:1:61749 (org.apache.zookeeper.server.NIOServerCnxnFactory)
[2018-01-18 16:31:17,833] INFO Client attempting to renew session 0x16109ad3ff40000 at /0:0:0:0:0:0:0:1:61749 (org.apache.zookeeper.server.ZooKeeperServer)
[2018-01-18 16:31:17,838] INFO Established session 0x16109ad3ff40000 with negotiated timeout 6000 for client /0:0:0:0:0:0:0:1:61749 (org.apache.zookeeper.server.ZooKeeperServer)
[2018-01-18 16:31:17,838] INFO Session establishment complete on server localhost/0:0:0:0:0:0:0:1:2181, sessionid = 0x16109ad3ff40000, negotiated timeout = 6000 (org.apache.zookeeper.ClientCnxn)
[2018-01-18 16:31:17,838] INFO zookeeper state changed (SyncConnected) (org.I0Itec.zkclient.ZkClient)
[2018-01-18 16:31:17,857] INFO [KafkaServer id=0] Controlled shutdown succeeded (kafka.server.KafkaServer)
[2018-01-18 16:31:17,863] INFO [SocketServer brokerId=0] Shutting down (kafka.network.SocketServer)
[2018-01-18 16:31:17,877] INFO [SocketServer brokerId=0] Shutdown completed (kafka.network.SocketServer)
[2018-01-18 16:31:17,877] INFO [Kafka Request Handler on Broker 0], shutting down (kafka.server.KafkaRequestHandlerPool)
[2018-01-18 16:31:17,919] INFO [Kafka Request Handler on Broker 0], shut down completely (kafka.server.KafkaRequestHandlerPool)
[2018-01-18 16:31:17,922] INFO [ThrottledRequestReaper-Fetch]: Shutting down (kafka.server.ClientQuotaManager$ThrottledRequestReaper)
[2018-01-18 16:31:18,471] INFO [ThrottledRequestReaper-Fetch]: Stopped (kafka.server.ClientQuotaManager$ThrottledRequestReaper)
[2018-01-18 16:31:18,471] INFO [ThrottledRequestReaper-Fetch]: Shutdown completed (kafka.server.ClientQuotaManager$ThrottledRequestReaper)
[2018-01-18 16:31:18,472] INFO [ThrottledRequestReaper-Produce]: Shutting down (kafka.server.ClientQuotaManager$ThrottledRequestReaper)
[2018-01-18 16:31:19,475] INFO [ThrottledRequestReaper-Produce]: Shutdown completed (kafka.server.ClientQuotaManager$ThrottledRequestReaper)
[2018-01-18 16:31:19,475] INFO [ThrottledRequestReaper-Produce]: Stopped (kafka.server.ClientQuotaManager$ThrottledRequestReaper)
[2018-01-18 16:31:19,479] INFO [ThrottledRequestReaper-Request]: Shutting down (kafka.server.ClientQuotaManager$ThrottledRequestReaper)
[2018-01-18 16:31:20,475] INFO [ThrottledRequestReaper-Request]: Stopped (kafka.server.ClientQuotaManager$ThrottledRequestReaper)
[2018-01-18 16:31:20,475] INFO [ThrottledRequestReaper-Request]: Shutdown completed (kafka.server.ClientQuotaManager$ThrottledRequestReaper)
[2018-01-18 16:31:20,476] INFO [KafkaApi-0] Shutdown complete. (kafka.server.KafkaApis)
[2018-01-18 16:31:20,477] INFO [ExpirationReaper-0-topic]: Shutting down (kafka.server.DelayedOperationPurgatory$ExpiredOperationReaper)
[2018-01-18 16:31:20,516] INFO [ExpirationReaper-0-topic]: Stopped (kafka.server.DelayedOperationPurgatory$ExpiredOperationReaper)
[2018-01-18 16:31:20,516] INFO [ExpirationReaper-0-topic]: Shutdown completed (kafka.server.DelayedOperationPurgatory$ExpiredOperationReaper)
[2018-01-18 16:31:20,519] INFO [TransactionCoordinator id=0] Shutting down. (kafka.coordinator.transaction.TransactionCoordinator)
[2018-01-18 16:31:20,520] INFO [ProducerId Manager 0]: Shutdown complete: last producerId assigned 0 (kafka.coordinator.transaction.ProducerIdManager)
[2018-01-18 16:31:20,520] INFO [Transaction State Manager 0]: Shutdown complete (kafka.coordinator.transaction.TransactionStateManager)
[2018-01-18 16:31:20,521] INFO [Transaction Marker Channel Manager 0]: Shutting down (kafka.coordinator.transaction.TransactionMarkerChannelManager)
[2018-01-18 16:31:20,521] INFO [Transaction Marker Channel Manager 0]: Stopped (kafka.coordinator.transaction.TransactionMarkerChannelManager)
[2018-01-18 16:31:20,521] INFO [Transaction Marker Channel Manager 0]: Shutdown completed (kafka.coordinator.transaction.TransactionMarkerChannelManager)
[2018-01-18 16:31:20,521] INFO [TransactionCoordinator id=0] Shutdown complete. (kafka.coordinator.transaction.TransactionCoordinator)
[2018-01-18 16:31:20,522] INFO [GroupCoordinator 0]: Shutting down. (kafka.coordinator.group.GroupCoordinator)
[2018-01-18 16:31:20,522] INFO [ExpirationReaper-0-Heartbeat]: Shutting down (kafka.server.DelayedOperationPurgatory$ExpiredOperationReaper)
[2018-01-18 16:31:20,717] INFO [ExpirationReaper-0-Heartbeat]: Shutdown completed (kafka.server.DelayedOperationPurgatory$ExpiredOperationReaper)
[2018-01-18 16:31:20,717] INFO [ExpirationReaper-0-Heartbeat]: Stopped (kafka.server.DelayedOperationPurgatory$ExpiredOperationReaper)
[2018-01-18 16:31:20,717] INFO [ExpirationReaper-0-Rebalance]: Shutting down (kafka.server.DelayedOperationPurgatory$ExpiredOperationReaper)
[2018-01-18 16:31:20,920] INFO [ExpirationReaper-0-Rebalance]: Shutdown completed (kafka.server.DelayedOperationPurgatory$ExpiredOperationReaper)
[2018-01-18 16:31:20,920] INFO [ExpirationReaper-0-Rebalance]: Stopped (kafka.server.DelayedOperationPurgatory$ExpiredOperationReaper)
[2018-01-18 16:31:20,921] INFO [GroupCoordinator 0]: Shutdown complete. (kafka.coordinator.group.GroupCoordinator)
[2018-01-18 16:31:20,922] INFO [ReplicaManager broker=0] Shutting down (kafka.server.ReplicaManager)
[2018-01-18 16:31:20,922] INFO [LogDirFailureHandler]: Shutting down (kafka.server.ReplicaManager$LogDirFailureHandler)
[2018-01-18 16:31:20,922] INFO [LogDirFailureHandler]: Stopped (kafka.server.ReplicaManager$LogDirFailureHandler)
[2018-01-18 16:31:20,922] INFO [LogDirFailureHandler]: Shutdown completed (kafka.server.ReplicaManager$LogDirFailureHandler)
[2018-01-18 16:31:20,923] INFO [ReplicaFetcherManager on broker 0] shutting down (kafka.server.ReplicaFetcherManager)
[2018-01-18 16:31:20,925] INFO [ReplicaFetcherManager on broker 0] shutdown completed (kafka.server.ReplicaFetcherManager)
[2018-01-18 16:31:20,925] INFO [ExpirationReaper-0-Fetch]: Shutting down (kafka.server.DelayedOperationPurgatory$ExpiredOperationReaper)
[2018-01-18 16:31:21,041] INFO [ExpirationReaper-0-Fetch]: Stopped (kafka.server.DelayedOperationPurgatory$ExpiredOperationReaper)
[2018-01-18 16:31:21,041] INFO [ExpirationReaper-0-Fetch]: Shutdown completed (kafka.server.DelayedOperationPurgatory$ExpiredOperationReaper)
[2018-01-18 16:31:21,041] INFO [ExpirationReaper-0-Produce]: Shutting down (kafka.server.DelayedOperationPurgatory$ExpiredOperationReaper)
[2018-01-18 16:31:21,245] INFO [ExpirationReaper-0-Produce]: Stopped (kafka.server.DelayedOperationPurgatory$ExpiredOperationReaper)
[2018-01-18 16:31:21,245] INFO [ExpirationReaper-0-Produce]: Shutdown completed (kafka.server.DelayedOperationPurgatory$ExpiredOperationReaper)
[2018-01-18 16:31:21,245] INFO [ExpirationReaper-0-DeleteRecords]: Shutting down (kafka.server.DelayedOperationPurgatory$ExpiredOperationReaper)
[2018-01-18 16:31:21,445] INFO [ExpirationReaper-0-DeleteRecords]: Stopped (kafka.server.DelayedOperationPurgatory$ExpiredOperationReaper)
[2018-01-18 16:31:21,445] INFO [ExpirationReaper-0-DeleteRecords]: Shutdown completed (kafka.server.DelayedOperationPurgatory$ExpiredOperationReaper)
[2018-01-18 16:31:21,449] INFO [ReplicaManager broker=0] Shut down completely (kafka.server.ReplicaManager)
[2018-01-18 16:31:21,449] INFO Shutting down. (kafka.log.LogManager)
[2018-01-18 16:31:21,458] INFO Shutdown complete. (kafka.log.LogManager)
[2018-01-18 16:31:21,465] INFO Terminate ZkClient event thread. (org.I0Itec.zkclient.ZkEventThread)
[2018-01-18 16:31:21,467] INFO Processed session termination for sessionid: 0x16109ad3ff40000 (org.apache.zookeeper.server.PrepRequestProcessor)
[2018-01-18 16:31:21,467] INFO Creating new log file: log.1e (org.apache.zookeeper.server.persistence.FileTxnLog)
[2018-01-18 16:31:21,473] INFO Session: 0x16109ad3ff40000 closed (org.apache.zookeeper.ZooKeeper)
[2018-01-18 16:31:21,474] INFO Closed socket connection for client /0:0:0:0:0:0:0:1:61749 which had sessionid 0x16109ad3ff40000 (org.apache.zookeeper.server.NIOServerCnxn)
[2018-01-18 16:31:21,475] INFO EventThread shut down for session: 0x16109ad3ff40000 (org.apache.zookeeper.ClientCnxn)
[2018-01-18 16:31:21,476] INFO [KafkaServer id=0] shut down completed (kafka.server.KafkaServer)
